<?xml version="1.0" encoding="UTF-8"?>
<testng-results skipped="0" failed="0" ignored="0" total="1" passed="1">
  <reporter-output>
  </reporter-output>
  <suite name="Default suite" duration-ms="16654" started-at="2020-09-08T23:10:55Z" finished-at="2020-09-08T23:11:12Z">
    <groups>
    </groups>
    <test name="Default test" duration-ms="16654" started-at="2020-09-08T23:10:55Z" finished-at="2020-09-08T23:11:12Z">
      <class name="com.testcases.HwLoginTestcase">
        <test-method status="PASS" signature="stratUp()[pri:0, instance:com.testcases.HwLoginTestcase@5fa47fea]" name="stratUp" is-config="true" duration-ms="11784" started-at="2020-09-08T23:10:55Z" finished-at="2020-09-08T23:11:07Z">
          <reporter-output>
          </reporter-output>
        </test-method> <!-- stratUp -->
        <test-method status="PASS" signature="login()[pri:0, instance:com.testcases.HwLoginTestcase@5fa47fea]" name="login" duration-ms="4503" started-at="2020-09-08T23:11:07Z" finished-at="2020-09-08T23:11:12Z">
          <reporter-output>
          </reporter-output>
        </test-method> <!-- login -->
      </class> <!-- com.testcases.HwLoginTestcase -->
    </test> <!-- Default test -->
  </suite> <!-- Default suite -->
</testng-results>
